<?xml version="1.0" encoding="UTF-8"?>
<!-- Generated by org.testng.reporters.JUnitReportReporter -->
<testsuite hostname="DESKTOP-K31CFLJ" failures="0" tests="1" name="com.planit.testCases.OrderProduct" time="20.916" errors="0" timestamp="17 Jul 2021 01:51:34 GMT" skipped="0">
  <testcase classname="com.planit.testCases.OrderProduct" name="addNewCustomer" time="20.916"/>
</testsuite> <!-- com.planit.testCases.OrderProduct -->
