<?xml version="1.0" encoding="UTF-8"?>
<!-- Generated by org.testng.reporters.JUnitReportReporter -->
<testsuite hostname="DESKTOP-K31CFLJ" failures="0" tests="1" name="com.planit.testCases.TC_AddCustomerTest_003" time="2.857" errors="0" timestamp="16 Jul 2021 10:14:19 GMT" skipped="0">
  <testcase classname="com.planit.testCases.TC_AddCustomerTest_003" name="addNewCustomer" time="2.857"/>
</testsuite> <!-- com.planit.testCases.TC_AddCustomerTest_003 -->
